e:\work\coding\c++\boardgame\release\boardgame.ipdb
e:\work\coding\c++\boardgame\release\boardgame.iobj
e:\work\coding\c++\boardgame\boardgame\release\boardgame.pch.codeanalysis
e:\work\coding\c++\boardgame\boardgame\release\vc141.pdb
e:\work\coding\c++\boardgame\boardgame\release\boardgame.pch.codeanalysisast
e:\work\coding\c++\boardgame\boardgame\release\pch.nativecodeanalysis.xml
e:\work\coding\c++\boardgame\boardgame\release\pch.obj
e:\work\coding\c++\boardgame\boardgame\release\position.nativecodeanalysis.xml
e:\work\coding\c++\boardgame\boardgame\release\monster.nativecodeanalysis.xml
e:\work\coding\c++\boardgame\boardgame\release\gift.nativecodeanalysis.xml
e:\work\coding\c++\boardgame\boardgame\release\game.nativecodeanalysis.xml
e:\work\coding\c++\boardgame\boardgame\release\character.nativecodeanalysis.xml
e:\work\coding\c++\boardgame\boardgame\release\boardgame.nativecodeanalysis.xml
e:\work\coding\c++\boardgame\boardgame\release\alpaca.nativecodeanalysis.xml
e:\work\coding\c++\boardgame\boardgame\release\alpaca.obj
e:\work\coding\c++\boardgame\boardgame\release\boardgame.obj
e:\work\coding\c++\boardgame\boardgame\release\character.obj
e:\work\coding\c++\boardgame\boardgame\release\game.obj
e:\work\coding\c++\boardgame\boardgame\release\gift.obj
e:\work\coding\c++\boardgame\boardgame\release\monster.obj
e:\work\coding\c++\boardgame\boardgame\release\position.obj
e:\work\coding\c++\boardgame\release\boardgame.exe
e:\work\coding\c++\boardgame\release\boardgame.pdb
e:\work\coding\c++\boardgame\boardgame\release\nativecodeanalysis.read.1.tlog
e:\work\coding\c++\boardgame\boardgame\release\vc.nativecodeanalysis.all.xml
e:\work\coding\c++\boardgame\boardgame\release\boardgame.tlog\boardgame.write.1u.tlog
e:\work\coding\c++\boardgame\boardgame\release\boardgame.tlog\cl.command.1.tlog
e:\work\coding\c++\boardgame\boardgame\release\boardgame.tlog\cl.read.1.tlog
e:\work\coding\c++\boardgame\boardgame\release\boardgame.tlog\cl.write.1.tlog
e:\work\coding\c++\boardgame\boardgame\release\boardgame.tlog\link.command.1.tlog
e:\work\coding\c++\boardgame\boardgame\release\boardgame.tlog\link.read.1.tlog
e:\work\coding\c++\boardgame\boardgame\release\boardgame.tlog\link.write.1.tlog
